[2026-02-04 18:25:42] === New Pet Save Request ===
[2026-02-04 18:25:42] Method: POST
[2026-02-04 18:25:42] POST Data: Array
(
    [pet_id] => 
    [name] => Cooper
    [type] => Dog
    [breed] => Aspin
    [age] => 1
    [weight] => 25lbs
    [description] => Curious and vocal, enjoys human company.
    [personality] => Playful
    [health_status] => Healthy
    [shelter_name] => PARA Haven Shelter
    [shelter_email] => PARAHavenShelter@gmail.com
    [shelter_phone] => 09951279006
    [shelter_address] => Pulo 4, Isla, Barangay Adlas, Dasmariñas, Cavite
    [status] => Adopted
)

[2026-02-04 18:25:42] Pet ID: , Pet Name: Cooper, Type: Dog, Breed: Aspin, Age: 1, Status: 'Adopted'
[2026-02-04 18:25:42] Image upload detected: Profile 5.jpg
[2026-02-04 18:25:42] Image saved successfully: /uploads/pets/pet_1770225942_6983811644378.jpg
[2026-02-04 18:25:42] Creating new pet
[2026-02-04 18:25:42] New pet created successfully. ID: 1
[2026-02-04 18:26:34] === New Pet Save Request ===
[2026-02-04 18:26:34] Method: POST
[2026-02-04 18:26:34] POST Data: Array
(
    [pet_id] => 
    [name] => Cooper
    [type] => Dog
    [breed] => Aspin
    [age] => 1
    [weight] => 25lbs
    [description] => Curious and vocal, enjoys human company.
    [personality] => Playful
    [health_status] => Healthy
    [shelter_name] => PARA Haven Shelter
    [shelter_email] => PARAHavenShelter@gmail.com
    [shelter_phone] => 09951279006
    [shelter_address] => Pulo 4, Isla, Barangay Adlas, Dasmariñas, Cavite
    [status] => Available
)

[2026-02-04 18:26:34] Pet ID: , Pet Name: Cooper, Type: Dog, Breed: Aspin, Age: 1, Status: 'Available'
[2026-02-04 18:26:34] Image upload detected: Profile 5.jpg
[2026-02-04 18:26:34] Image saved successfully: /uploads/pets/pet_1770225994_6983814a5bfd3.jpg
[2026-02-04 18:26:34] Creating new pet
[2026-02-04 18:26:34] New pet created successfully. ID: 2
[2026-02-04 18:27:09] === New Pet Save Request ===
[2026-02-04 18:27:09] Method: POST
[2026-02-04 18:27:09] POST Data: Array
(
    [pet_id] => 
    [name] => Bella
    [type] => Dog
    [breed] => Aspin
    [age] => 1
    [weight] => 25lbs
    [description] => Affectionate and playful, loves swimming.
    [personality] => Playful
    [health_status] => Healthy
    [shelter_name] => PARA Haven Shelter
    [shelter_email] => PARAHavenShelter@gmail.com
    [shelter_phone] => 09951279006
    [shelter_address] => Pulo 4, Isla, Barangay Adlas, Dasmariñas, Cavite
    [status] => Available
)

[2026-02-04 18:27:09] Pet ID: , Pet Name: Bella, Type: Dog, Breed: Aspin, Age: 1, Status: 'Available'
[2026-02-04 18:27:09] Image upload detected: Profile 3.jpg
[2026-02-04 18:27:09] Image saved successfully: /uploads/pets/pet_1770226029_6983816d6c5e6.jpg
[2026-02-04 18:27:09] Creating new pet
[2026-02-04 18:27:09] New pet created successfully. ID: 3
[2026-02-04 18:27:42] === New Pet Save Request ===
[2026-02-04 18:27:42] Method: POST
[2026-02-04 18:27:42] POST Data: Array
(
    [pet_id] => 
    [name] => Milo
    [type] => Dog
    [breed] => Aspin
    [age] => 1
    [weight] => 25lbs
    [description] => Loyal and protective, great for families.
    [personality] => Playful
    [health_status] => Healthy
    [shelter_name] => PARA Haven Shelter
    [shelter_email] => PARAHavenShelter@gmail.com
    [shelter_phone] => 09951279006
    [shelter_address] => Pulo 4, Isla, Barangay Adlas, Dasmariñas, Cavite
    [status] => Available
)

[2026-02-04 18:27:42] Pet ID: , Pet Name: Milo, Type: Dog, Breed: Aspin, Age: 1, Status: 'Available'
[2026-02-04 18:27:42] Image upload detected: Profile 2.jpg
[2026-02-04 18:27:42] Image saved successfully: /uploads/pets/pet_1770226062_6983818ec6581.jpg
[2026-02-04 18:27:42] Creating new pet
[2026-02-04 18:27:42] New pet created successfully. ID: 4
[2026-02-05 17:15:00] === New Pet Save Request ===
[2026-02-05 17:15:00] Method: POST
[2026-02-05 17:15:00] POST Data: Array
(
    [pet_id] => 8
    [name] => Bella
    [type] => Dog
    [breed] => 0
    [age] => 1
    [weight] => 25lbs
    [description] => Affectionate and playful, loves swimming.
    [personality] => Loyal and protective
    [health_status] => health checked
    [shelter_name] => PARA Haven Shelter
    [shelter_email] => PARAHavenShelter@gmail.com
    [shelter_phone] => 09951279006
    [shelter_address] => Pulo 4, Isla, Barangay Adlas, Dasmariñas, Cavite
    [status] => Available
)

[2026-02-05 17:15:00] Pet ID: 8, Pet Name: Bella, Type: Dog, Breed: 0, Age: 1, Status: 'Available'
[2026-02-05 17:15:00] Multiple image upload detected: 3 file(s)
[2026-02-05 17:15:00] Processing image 0: Profile 3.jpg
[2026-02-05 17:15:00] Image 0 saved successfully: /uploads/pets/pet_1770308100_6984c2045a823.jpg
[2026-02-05 17:15:00] Processing image 1: Profile 5.jpg
[2026-02-05 17:15:00] Image 1 saved successfully: /uploads/pets/pet_1770308100_6984c2045ae1a.jpg
[2026-02-05 17:15:00] Processing image 2: Profile 6.jpg
[2026-02-05 17:15:00] Image 2 saved successfully: /uploads/pets/pet_1770308100_6984c2045b355.jpg
[2026-02-05 17:15:00] Updating existing pet ID: 8
[2026-02-05 17:15:00] Status value: 'Available' (lowercase: 'available')
[2026-02-05 17:15:00] Old image deleted: /uploads/pets/pet_1770200379_69831d3b0a734.jpg
[2026-02-05 17:15:00] Pet updated successfully with new image
[2026-02-06 10:33:48] === New Pet Save Request ===
[2026-02-06 10:33:48] Method: POST
[2026-02-06 10:33:48] POST Data: Array
(
    [pet_id] => 10
    [name] => Bella
    [type] => Dog
    [breed] => 0
    [age] => 1
    [weight] => 25lbs
    [description] => Affectionate and playful, loves swimming.
    [personality] => Loyal and protective
    [health_status] => health checked
    [shelter_name] => PARA Haven Shelter
    [shelter_email] => PARAHavenShelter@gmail.com
    [shelter_phone] => 09951279006
    [shelter_address] => Pulo 4, Isla, Barangay Adlas, Dasmariñas, Cavite
    [status] => Available
)

[2026-02-06 10:33:48] Pet ID: 10, Pet Name: Bella, Type: Dog, Breed: 0, Age: 1, Status: 'Available'
[2026-02-06 10:33:48] Multiple image upload detected: 3 file(s)
[2026-02-06 10:33:48] Processing image 0: Profile 4.jpg
[2026-02-06 10:33:48] Image 0 saved successfully: /uploads/pets/pet_1770370428_6985b57c3b7e8.jpg
[2026-02-06 10:33:48] Processing image 1: Profile 5.jpg
[2026-02-06 10:33:48] Image 1 saved successfully: /uploads/pets/pet_1770370428_6985b57c3df9c.jpg
[2026-02-06 10:33:48] Processing image 2: Profile 6.jpg
[2026-02-06 10:33:48] Image 2 saved successfully: /uploads/pets/pet_1770370428_6985b57c3e628.jpg
[2026-02-06 10:33:48] Updating existing pet ID: 10
[2026-02-06 10:33:48] Status value: 'Available' (lowercase: 'available')
[2026-02-06 10:33:48] Old image deleted: /uploads/pets/pet_1770308100_6984c2045a823.jpg
[2026-02-06 10:33:48] Pet updated successfully with new images
[2026-02-06 11:22:53] === New Pet Save Request ===
[2026-02-06 11:22:53] Method: POST
[2026-02-06 11:22:53] POST Data: Array
(
    [pet_id] => 
    [name] => marc
    [type] => Dog
    [breed] => Aspin
    [age] => 2
    [weight] => 25lbs
    [description] => qqeqe
    [personality] => Playful and friendly
    [health_status] => Vaccinated, health checked
    [shelter_name] => PARA Haven Shelter
    [shelter_email] => marcusjaramiel27@gmail.com
    [shelter_phone] => 09305625242
    [shelter_address] => Bagtas Rd Carissa Blk18 Lt7
    [status] => Available
)

[2026-02-06 11:22:53] Pet ID: , Pet Name: marc, Type: Dog, Breed: Aspin, Age: 2, Status: 'Available'
[2026-02-06 11:22:53] Multiple image upload detected: 3 file(s)
[2026-02-06 11:22:53] Processing image 0: Profile 4.jpg
[2026-02-06 11:22:53] Image 0 saved successfully: /uploads/pets/pet_1770373373_6985c0fd0c812.jpg
[2026-02-06 11:22:53] Processing image 1: Profile 5.jpg
[2026-02-06 11:22:53] Image 1 saved successfully: /uploads/pets/pet_1770373373_6985c0fd0cf7b.jpg
[2026-02-06 11:22:53] Processing image 2: Profile 6.jpg
[2026-02-06 11:22:53] Image 2 saved successfully: /uploads/pets/pet_1770373373_6985c0fd0d4ba.jpg
[2026-02-06 11:22:53] Creating new pet
[2026-02-06 11:22:53] New pet created successfully. ID: 11
[2026-02-06 11:30:16] === New Pet Save Request ===
[2026-02-06 11:30:16] Method: POST
[2026-02-06 11:30:16] POST Data: Array
(
    [pet_id] => 12
    [name] => marc
    [type] => Dog
    [breed] => 0
    [age] => 2
    [weight] => 25lbs
    [description] => qqeqe
    [personality] => Playful and friendly
    [health_status] => Vaccinated, health checked
    [shelter_name] => PARA Haven Shelter
    [shelter_email] => marcusjaramiel27@gmail.com
    [shelter_phone] => 09305625242
    [shelter_address] => Bagtas Rd Carissa Blk18 Lt7
    [status] => Available
)

[2026-02-06 11:30:16] Pet ID: 12, Pet Name: marc, Type: Dog, Breed: 0, Age: 2, Status: 'Available'
[2026-02-06 11:30:16] Multiple image upload detected: 3 file(s)
[2026-02-06 11:30:16] Processing image 0: Profile 1.jpg
[2026-02-06 11:30:16] Image 0 saved successfully: /uploads/pets/pet_1770373816_6985c2b817e1a.jpg
[2026-02-06 11:30:16] Processing image 1: Profile 2.jpg
[2026-02-06 11:30:16] Image 1 saved successfully: /uploads/pets/pet_1770373816_6985c2b81842c.jpg
[2026-02-06 11:30:16] Processing image 2: Profile 4.jpg
[2026-02-06 11:30:16] Image 2 saved successfully: /uploads/pets/pet_1770373816_6985c2b818a5b.jpg
[2026-02-06 11:30:16] Updating existing pet ID: 12
[2026-02-06 11:30:16] Status value: 'Available' (lowercase: 'available')
[2026-02-06 11:30:16] Old image deleted: /uploads/pets/pet_1770373373_6985c0fd0c812.jpg
[2026-02-06 11:30:16] Old image deleted: /uploads/pets/pet_1770373373_6985c0fd0cf7b.jpg
[2026-02-06 11:30:16] Old image deleted: /uploads/pets/pet_1770373373_6985c0fd0d4ba.jpg
[2026-02-06 11:30:16] Pet updated successfully with new images
[2026-02-06 13:36:19] === New Pet Save Request ===
[2026-02-06 13:36:19] Method: POST
[2026-02-06 13:36:19] POST Data: Array
(
    [pet_id] => 12
    [name] => brownie
    [type] => Dog
    [breed] => 0
    [age] => 2
    [weight] => 25lbs
    [description] => qqeqe
    [personality] => Playful and friendly
    [health_status] => Vaccinated, health checked
    [shelter_name] => PARA Haven Shelter
    [shelter_email] => marcusjaramiel27@gmail.com
    [shelter_phone] => 09305625242
    [shelter_address] => Bagtas Rd Carissa Blk18 Lt7
    [status] => Available
)

[2026-02-06 13:36:19] Pet ID: 12, Pet Name: brownie, Type: Dog, Breed: 0, Age: 2, Status: 'Available'
[2026-02-06 13:36:19] Multiple image upload detected: 1 file(s)
[2026-02-06 13:36:19] Updating existing pet ID: 12
[2026-02-06 13:36:19] Status value: 'Available' (lowercase: 'available')
[2026-02-06 13:36:19] Pet updated successfully (no image changes)
[2026-02-26 05:43:24] === New Pet Save Request ===
[2026-02-26 05:43:24] Method: POST
[2026-02-26 05:43:24] POST Data: Array
(
    [pet_id] => 
    [name] => pet1
    [type] => Dog
    [breed] => Aspin
    [age] => 2
    [weight] => 25lbs
    [description] => adafsfsdgfg
    [personality] => Loyal and protective
    [health_status] => Vaccinated, health checked
    [shelter_name] => PARA Haven Shelter
    [shelter_email] => PARAHavenShelter@gmail.com
    [shelter_phone] => 09305625242
    [shelter_address] => Bagtas Rd Carissa Blk18 Lt7
    [status] => Available
)

[2026-02-26 05:43:24] Pet ID: , Pet Name: pet1, Type: Dog, Breed: Aspin, Age: 2, Status: 'Available'
[2026-02-26 05:43:24] Multiple image upload detected: 3 file(s)
[2026-02-26 05:43:24] Processing image 0: Profile 4.jpg
[2026-02-26 05:43:24] Image 0 saved successfully: /uploads/pets/pet_1772081004_699fcf6c7c54a.jpg
[2026-02-26 05:43:24] Processing image 1: Profile 5.jpg
[2026-02-26 05:43:24] Image 1 saved successfully: /uploads/pets/pet_1772081004_699fcf6c7cca0.jpg
[2026-02-26 05:43:24] Processing image 2: Profile 6.jpg
[2026-02-26 05:43:24] Image 2 saved successfully: /uploads/pets/pet_1772081004_699fcf6c7d216.jpg
[2026-02-26 05:43:24] Creating new pet
[2026-02-26 05:43:24] New pet created successfully. ID: 13
[2026-02-26 05:45:39] === New Pet Save Request ===
[2026-02-26 05:45:39] Method: POST
[2026-02-26 05:45:39] POST Data: Array
(
    [pet_id] => 
    [name] => pet2
    [type] => Dog
    [breed] => Aspin
    [age] => 2
    [weight] => 25lbs
    [description] => adafsfsfdsd
    [personality] => Loyal and protective
    [health_status] => Vaccinated, health checked
    [shelter_name] => PARA Haven Shelter
    [shelter_email] => PARAHavenShelter@gmail.com
    [shelter_phone] => 09305625242
    [shelter_address] => Bagtas Rd Carissa Blk18 Lt7
    [status] => Available
)

[2026-02-26 05:45:39] Pet ID: , Pet Name: pet2, Type: Dog, Breed: Aspin, Age: 2, Status: 'Available'
[2026-02-26 05:45:39] Multiple image upload detected: 1 file(s)
[2026-02-26 05:45:39] Processing image 0: Profile 6.jpg
[2026-02-26 05:45:39] Image 0 saved successfully: /uploads/pets/pet_1772081139_699fcff31d194.jpg
[2026-02-26 05:45:39] Creating new pet
[2026-02-26 05:45:39] New pet created successfully. ID: 14
[2026-02-26 05:46:16] === New Pet Save Request ===
[2026-02-26 05:46:16] Method: POST
[2026-02-26 05:46:16] POST Data: Array
(
    [pet_id] => 
    [name] => pet2
    [type] => Dog
    [breed] => Aspin
    [age] => 2
    [weight] => 25lbs
    [description] => adsadfisgfkjskjbfouis
    [personality] => Curious and vocal
    [health_status] => Vaccinated, health checked
    [shelter_name] => PARA Haven Shelter
    [shelter_email] => PARAHavenShelter@gmail.com
    [shelter_phone] => 09305625242
    [shelter_address] => Bagtas Rd Carissa Blk18 Lt7
    [status] => Available
)

[2026-02-26 05:46:16] Pet ID: , Pet Name: pet2, Type: Dog, Breed: Aspin, Age: 2, Status: 'Available'
[2026-02-26 05:46:16] Multiple image upload detected: 1 file(s)
[2026-02-26 05:46:16] Processing image 0: Profile 2.jpg
[2026-02-26 05:46:16] Image 0 saved successfully: /uploads/pets/pet_1772081176_699fd018ec537.jpg
[2026-02-26 05:46:16] Creating new pet
[2026-02-26 05:46:16] New pet created successfully. ID: 15
[2026-02-26 06:42:33] === New Pet Save Request ===
[2026-02-26 06:42:33] Method: POST
[2026-02-26 06:42:33] POST Data: Array
(
    [pet_id] => 15
    [name] => snow
    [type] => Dog
    [breed] => Aspin
    [age] => 2
    [weight] => 25lbs
    [description] => adsadfisgfkjskjbfouis
    [personality] => Curious and vocal
    [health_status] => Vaccinated, health checked
    [shelter_name] => PARA Haven Shelter
    [shelter_email] => PARAHavenShelter@gmail.com
    [shelter_phone] => 09305625242
    [shelter_address] => Bagtas Rd Carissa Blk18 Lt7
    [status] => Available
)

[2026-02-26 06:42:33] Pet ID: 15, Pet Name: snow, Type: Dog, Breed: Aspin, Age: 2, Status: 'Available'
[2026-02-26 06:42:33] Multiple image upload detected: 1 file(s)
[2026-02-26 06:42:33] Updating existing pet ID: 15
[2026-02-26 06:42:33] Status value: 'Available' (lowercase: 'available')
[2026-02-26 06:42:33] Pet updated successfully (no image changes)
[2026-02-26 06:48:11] === New Pet Save Request ===
[2026-02-26 06:48:11] Method: POST
[2026-02-26 06:48:11] POST Data: Array
(
    [pet_id] => 
    [name] => oreo
    [type] => Cat
    [breed] => Puspin
    [age] => 1
    [weight] => 15 lbs
    [description] => well behave and loves petting her
    [personality] => Playful and friendly
    [health_status] => Vaccinated, health checked
    [shelter_name] => PARA Haven Shelter
    [shelter_email] => PARAHavenShelter@gmail.com
    [shelter_phone] => 09305625242
    [shelter_address] => Bagtas Rd Carissa Blk18 Lt7
    [status] => Available
)

[2026-02-26 06:48:11] Pet ID: , Pet Name: oreo, Type: Cat, Breed: Puspin, Age: 1, Status: 'Available'
[2026-02-26 06:48:11] Multiple image upload detected: 1 file(s)
[2026-02-26 06:48:11] Processing image 0: cat 2.jpeg
[2026-02-26 06:48:11] Image 0 saved successfully: /uploads/pets/pet_1772084891_699fde9b1cee8.jpeg
[2026-02-26 06:48:11] Creating new pet
[2026-02-26 06:48:11] New pet created successfully. ID: 16
[2026-02-26 07:13:28] === New Pet Save Request ===
[2026-02-26 07:13:28] Method: POST
[2026-02-26 07:13:28] POST Data: Array
(
    [pet_id] => 
    [name] => cat
    [type] => Cat
    [breed] => Puspin
    [age] => 1
    [weight] => 15 lbs
    [description] => kajdbjasjdkajf
    [personality] => Playful and friendly
    [health_status] => Vaccinated, health checked
    [shelter_name] => PARA Haven Shelter
    [shelter_email] => PARAHavenShelter@gmail.com
    [shelter_phone] => 09305625242
    [shelter_address] => Bagtas Rd Carissa Blk18 Lt7
    [status] => Available
)

[2026-02-26 07:13:28] Pet ID: , Pet Name: cat, Type: Cat, Breed: Puspin, Age: 1, Status: 'Available'
[2026-02-26 07:13:28] Multiple image upload detected: 1 file(s)
[2026-02-26 07:13:28] Processing image 0: cat.png
[2026-02-26 07:13:28] Image 0 saved successfully: /uploads/pets/pet_1772086408_699fe488ae535.png
[2026-02-26 07:13:28] Creating new pet
[2026-02-26 07:13:28] New pet created successfully. ID: 17
[2026-02-26 08:48:46] === New Pet Save Request ===
[2026-02-26 08:48:46] Method: POST
[2026-02-26 08:48:46] POST Data: Array
(
    [pet_id] => 
    [name] => puss
    [type] => Cat
    [breed] => Puspin
    [age] => 1
    [weight] => 15 lbs
    [description] => bavjhdslagldiugadj
    [personality] => Curious and vocal
    [health_status] => Vaccinated, health checked
    [shelter_name] => PARA Haven Shelter
    [shelter_email] => PARAHavenShelter@gmail.com
    [shelter_phone] => 09305625242
    [shelter_address] => Bagtas Rd Carissa Blk18 Lt7
    [status] => Available
)

[2026-02-26 08:48:46] Pet ID: , Pet Name: puss, Type: Cat, Breed: Puspin, Age: 1, Status: 'Available'
[2026-02-26 08:48:46] Multiple image upload detected: 1 file(s)
[2026-02-26 08:48:46] Processing image 0: cat 3.jpeg
[2026-02-26 08:48:46] Image 0 saved successfully: /uploads/pets/pet_1772092126_699ffade23d2d.jpeg
[2026-02-26 08:48:46] Creating new pet
[2026-02-26 08:48:46] New pet created successfully. ID: 18
[2026-02-26 08:49:51] === New Pet Save Request ===
[2026-02-26 08:49:51] Method: POST
[2026-02-26 08:49:51] POST Data: Array
(
    [pet_id] => 
    [name] => doggo
    [type] => Dog
    [breed] => Aspin
    [age] => 2
    [weight] => 25lbs
    [description] => adasdagdu
    [personality] => Curious and vocal
    [health_status] => Vaccinated, health
    [shelter_name] => PARA Haven Shelter
    [shelter_email] => PARAHavenShelter@gmail.com
    [shelter_phone] => 09305625242
    [shelter_address] => Bagtas Rd Carissa Blk18 Lt7
    [status] => Available
)

[2026-02-26 08:49:51] Pet ID: , Pet Name: doggo, Type: Dog, Breed: Aspin, Age: 2, Status: 'Available'
[2026-02-26 08:49:51] Multiple image upload detected: 1 file(s)
[2026-02-26 08:49:51] Processing image 0: Profile 6.jpg
[2026-02-26 08:49:51] Image 0 saved successfully: /uploads/pets/pet_1772092191_699ffb1fbf1be.jpg
[2026-02-26 08:49:51] Creating new pet
[2026-02-26 08:49:51] New pet created successfully. ID: 19
[2026-03-11 02:01:49] === New Pet Save Request ===
[2026-03-11 02:01:49] Method: POST
[2026-03-11 02:01:49] POST Data: Array
(
    [pet_id] => 
    [name] => b
    [type] => Cat
    [breed] => Puspin
    [age] => 1
    [weight] => 15 lbs
    [description] => asdasfjbkgbsbjdjndsfshfoinm
    [personality] => Playful and friendly
    [health_status] => Vaccinated, health checked
    [shelter_name] => PARA Haven Shelter
    [shelter_email] => PARAHavenShelter@gmail.com
    [shelter_phone] => 09305625242
    [shelter_address] => Bagtas Rd Carissa Blk18 Lt7
    [status] => Available
)

[2026-03-11 02:01:49] Pet ID: , Pet Name: b, Type: Cat, Breed: Puspin, Age: 1, Status: 'Available'
[2026-03-11 02:01:49] Multiple image upload detected: 3 file(s)
[2026-03-11 02:01:49] Processing image 0: cat 2.jpeg
[2026-03-11 02:01:49] Image 0 saved successfully: /uploads/pets/pet_1773190909_69b0befd47646.jpeg
[2026-03-11 02:01:49] Processing image 1: cat 3.jpeg
[2026-03-11 02:01:49] Image 1 saved successfully: /uploads/pets/pet_1773190909_69b0befd4a656.jpeg
[2026-03-11 02:01:49] Processing image 2: cat.png
[2026-03-11 02:01:49] Image 2 saved successfully: /uploads/pets/pet_1773190909_69b0befd4acbe.png
[2026-03-11 02:01:49] Creating new pet
[2026-03-11 02:01:49] New pet created successfully. ID: 20
[2026-03-11 12:13:05] === New Pet Save Request ===
[2026-03-11 12:13:05] Method: POST
[2026-03-11 12:13:05] POST Data: Array
(
    [pet_id] => 
    [name] => a
    [type] => Cat
    [breed] => Puspin
    [age] => 1
    [weight] => 15 lbs
    [description] => adasrwrwfsdf
    [personality] => Playful and friendly
    [health_status] => Vaccinated, health checked
    [shelter_name] => PARA Haven Shelter
    [shelter_email] => paraheavenshleter@gmail.com
    [shelter_phone] => 09305625242
    [shelter_address] => Bagtas Rd Carissa Blk18 Lt7
    [status] => Available
)

[2026-03-11 12:13:05] Pet ID: , Pet Name: a, Type: Cat, Breed: Puspin, Age: 1, Status: 'Available'
[2026-03-11 12:13:05] Multiple image upload detected: 1 file(s)
[2026-03-11 12:13:05] Processing image 0: cat 2.jpeg
[2026-03-11 12:13:05] Image 0 saved successfully: uploads/pets/pet_1773227585_69b14e41d785c.jpeg
[2026-03-11 12:13:05] Creating new pet
[2026-03-11 12:13:05] New pet created successfully. ID: 23
[2026-03-11 12:46:25] === New Pet Save Request ===
[2026-03-11 12:46:25] Method: POST
[2026-03-11 12:46:25] POST Data: Array
(
    [pet_id] => 25
    [name] => a
    [type] => Cat
    [breed] => 0
    [age] => 1
    [weight] => 15 lbs
    [description] => adasrwrwfsdf
    [personality] => Playful and friendly
    [health_status] => Vaccinated, health checked
    [shelter_name] => PARA Haven Shelter
    [shelter_email] => paraheavenshleter@gmail.com
    [shelter_phone] => 09305625242
    [shelter_address] => Bagtas Rd Carissa Blk18 Lt7
    [status] => Available
)

[2026-03-11 12:46:25] Pet ID: 25, Pet Name: a, Type: Cat, Breed: 0, Age: 1, Status: 'Available'
[2026-03-11 12:46:25] Multiple image upload detected: 1 file(s)
[2026-03-11 12:46:25] Processing image 0: cat.png
[2026-03-11 12:46:25] Image 0 saved successfully: uploads/pets/pet_1773229585_69b15611b234f.png
[2026-03-11 12:46:25] Updating existing pet ID: 25
[2026-03-11 12:46:25] Status value: 'Available' (lowercase: 'available')
[2026-03-11 12:46:25] Old image deleted: uploads/pets/pet_1773227585_69b14e41d785c.jpeg
[2026-03-11 12:46:25] Pet updated successfully with new images
[2026-03-12 08:52:57] === New Pet Save Request ===
[2026-03-12 08:52:57] Method: POST
[2026-03-12 08:52:57] POST Data: Array
(
    [pet_id] => 
    [name] => hahaha
    [type] => Dog
    [breed] => Aspin
    [age] => 1
    [weight] => 25lbs
    [description] => sfsagegrihiknpahndpig
    [personality] => asifhpsm
    [health_status] => ojpajspfmjsolgmj
    [shelter_name] => PARA Haven Shelter
    [shelter_email] => PARAHavenShelter@gmail.com
    [shelter_phone] => 09305625242
    [shelter_address] => Bagtas Rd Carissa Blk18 Lt7
    [status] => Available
)

[2026-03-12 08:52:57] Pet ID: , Pet Name: hahaha, Type: Dog, Breed: Aspin, Age: 1, Status: 'Available'
[2026-03-12 08:52:57] Multiple image upload detected: 1 file(s)
[2026-03-12 08:52:57] Processing image 0: Profile 4.jpg
[2026-03-12 08:52:57] Image 0 saved successfully: uploads/pets/pet_1773301977_69b270d990ee1.jpg
[2026-03-12 08:52:57] Creating new pet
[2026-03-12 08:52:57] New pet created successfully. ID: 28
[2026-03-12 09:10:00] === New Pet Save Request ===
[2026-03-12 09:10:00] Method: POST
[2026-03-12 09:10:00] POST Data: Array
(
    [pet_id] => 28
    [name] => hahaha
    [type] => Dog
    [breed] => Aspin
    [age] => 1
    [weight] => 25lbs
    [description] => sfsagegrihiknpahndpig
    [personality] => asifhpsm
    [health_status] => ojpajspfmjsolgmj
    [shelter_name] => PARA Haven Shelter
    [shelter_email] => PARAHavenShelter@gmail.com
    [shelter_phone] => 09305625242
    [shelter_address] => Bagtas Rd Carissa Blk18 Lt7
    [status] => Available
)

[2026-03-12 09:10:00] Pet ID: 28, Pet Name: hahaha, Type: Dog, Breed: Aspin, Age: 1, Status: 'Available'
[2026-03-12 09:10:00] Multiple image upload detected: 1 file(s)
[2026-03-12 09:10:00] Processing image 0: Profile 3.jpg
[2026-03-12 09:10:00] Image 0 saved successfully: uploads/pets/pet_1773303000_69b274d816b73.jpg
[2026-03-12 09:10:00] Updating existing pet ID: 28
[2026-03-12 09:10:00] Status value: 'Available' (lowercase: 'available')
[2026-03-12 09:10:00] Old image deleted: uploads/pets/pet_1773301977_69b270d990ee1.jpg
[2026-03-12 09:10:00] Pet updated successfully with new images
[2026-03-12 09:53:42] === New Pet Save Request ===
[2026-03-12 09:53:42] Method: POST
[2026-03-12 09:53:42] POST Data: Array
(
    [pet_id] => 28
    [name] => hahaha
    [type] => Dog
    [breed] => Aspin
    [age] => 1
    [weight] => 25lbs
    [description] => sfsagegrihiknpahndpig
    [personality] => asifhpsm
    [health_status] => ojpajspfmjsolgmj
    [shelter_name] => PARA Haven Shelter
    [shelter_email] => PARAHavenShelter@gmail.com
    [shelter_phone] => 09305625242
    [shelter_address] => Bagtas Rd Carissa Blk18 Lt7
    [status] => Available
)

[2026-03-12 09:53:42] Pet ID: 28, Pet Name: hahaha, Type: Dog, Breed: Aspin, Age: 1, Status: 'Available'
[2026-03-12 09:53:42] Multiple image upload detected: 1 file(s)
[2026-03-12 09:53:42] Processing image 0: Profile 4.jpg
[2026-03-12 09:53:42] Image 0 saved successfully: uploads/pets/pet_1773305622_69b27f163207b.jpg
[2026-03-12 09:53:42] Updating existing pet ID: 28
[2026-03-12 09:53:42] Status value: 'Available' (lowercase: 'available')
[2026-03-12 09:53:42] Old image deleted: uploads/pets/pet_1773303000_69b274d816b73.jpg
[2026-03-12 09:53:42] Pet updated successfully with new images
[2026-03-12 10:06:10] === New Pet Save Request ===
[2026-03-12 10:06:10] Method: POST
[2026-03-12 10:06:10] POST Data: Array
(
    [pet_id] => 28
    [name] => hahaha
    [type] => Dog
    [breed] => Aspin
    [age] => 1
    [weight] => 25lbs
    [description] => sfsagegrihiknpahndpig
    [personality] => asifhpsm
    [health_status] => ojpajspfmjsolgmj
    [shelter_name] => PARA Haven Shelter
    [shelter_email] => PARAHavenShelter@gmail.com
    [shelter_phone] => 09305625242
    [shelter_address] => Bagtas Rd Carissa Blk18 Lt7
    [status] => Available
)

[2026-03-12 10:06:10] Pet ID: 28, Pet Name: hahaha, Type: Dog, Breed: Aspin, Age: 1, Status: 'Available'
[2026-03-12 10:06:10] Multiple image upload detected: 1 file(s)
[2026-03-12 10:06:10] Processing image 0: Profile 6.jpg
[2026-03-12 10:06:10] Image 0 saved successfully: uploads/pets/pet_1773306370_69b282027fc7a.jpg
[2026-03-12 10:06:10] Updating existing pet ID: 28
[2026-03-12 10:06:10] Status value: 'Available' (lowercase: 'available')
[2026-03-12 10:06:10] Old image deleted: uploads/pets/pet_1773305622_69b27f163207b.jpg
[2026-03-12 10:06:10] Pet updated successfully with new images
